
**** Build of configuration Nios II for project a2_bsp ****

make all 
      3 [main] pwd 2144 find_fast_cwd: WARNING: Couldn't compute FAST_CWD pointer.  Please report this problem to
the public mailing list cygwin@cygwin.com
      3 [main] sh 7824 find_fast_cwd: WARNING: Couldn't compute FAST_CWD pointer.  Please report this problem to
the public mailing list cygwin@cygwin.com
      2 [main] echo 2960 find_fast_cwd: WARNING: Couldn't compute FAST_CWD pointer.  Please report this problem to
Makefile not up to date.
the public mailing list cygwin@cygwin.com
      3 [main] echo 11016 find_fast_cwd: WARNING: Couldn't compute FAST_CWD pointer.  Please report this problem to
the public mailing list cygwin@cygwin.com
C:/lab7/A1/DE2_NET/system_0.sopcinfo has been modified since the BSP was generated.
      2 [main] echo 1108 find_fast_cwd: WARNING: Couldn't compute FAST_CWD pointer.  Please report this problem to

the public mailing list cygwin@cygwin.com
      2 [main] echo 10420 find_fast_cwd: WARNING: Couldn't compute FAST_CWD pointer.  Please report this problem to
the public mailing list cygwin@cygwin.com
Generate the BSP to update the Makefile, and then build again.
      3 [main] echo 8136 find_fast_cwd: WARNING: Couldn't compute FAST_CWD pointer.  Please report this problem to
the public mailing list cygwin@cygwin.com

      3 [main] echo 12852 find_fast_cwd: WARNING: Couldn't compute FAST_CWD pointer.  Please report this problem to
the public mailing list cygwin@cygwin.com
To generate from Eclipse:
      2 [main] sh 7280 find_fast_cwd: WARNING: Couldn't compute FAST_CWD pointer.  Please report this problem to
the public mailing list cygwin@cygwin.com
 1. Right-click the BSP project.
      2 [main] sh 5408 find_fast_cwd: WARNING: Couldn't compute FAST_CWD pointer.  Please report this problem to
the public mailing list cygwin@cygwin.com
 2. In the Nios II Menu, click Generate BSP.
      3 [main] echo 2424 find_fast_cwd: WARNING: Couldn't compute FAST_CWD pointer.  Please report this problem to

the public mailing list cygwin@cygwin.com
      2 [main] echo 8268 find_fast_cwd: WARNING: Couldn't compute FAST_CWD pointer.  Please report this problem to
the public mailing list cygwin@cygwin.com
To generate from the command line:
      2 [main] sh 1168 find_fast_cwd: WARNING: Couldn't compute FAST_CWD pointer.  Please report this problem to
the public mailing list cygwin@cygwin.com
 nios2-bsp-generate-files --settings=<settings file> --bsp-dir=<target bsp files directory>
      3 [main] echo 2356 find_fast_cwd: WARNING: Couldn't compute FAST_CWD pointer.  Please report this problem to

the public mailing list cygwin@cygwin.com
      2 [main] sh 1800 find_fast_cwd: WARNING: Couldn't compute FAST_CWD pointer.  Please report this problem to
the public mailing list cygwin@cygwin.com
make: *** [public.mk] Error 1

**** Build Finished ****
