
**** Build of configuration Nios II for project hello_led ****

make all 
      1 [main] sh 9000 find_fast_cwd: WARNING: Couldn't compute FAST_CWD pointer.  Please report this problem to
the public mailing list cygwin@cygwin.com
      1 [main] sh 15908 find_fast_cwd: WARNING: Couldn't compute FAST_CWD pointer.  Please report this problem to
the public mailing list cygwin@cygwin.com
      5 [main] echo 16208 find_fast_cwd: WARNING: Couldn't compute FAST_CWD pointer.  Please report this problem to
the public mailing list cygwin@cygwin.com
Info: Building ../hello_led_bsp/
make --no-print-directory -C ../hello_led_bsp/
      1 [main] pwd 8092 find_fast_cwd: WARNING: Couldn't compute FAST_CWD pointer.  Please report this problem to
the public mailing list cygwin@cygwin.com
      1 [main] sh 11704 find_fast_cwd: WARNING: Couldn't compute FAST_CWD pointer.  Please report this problem to
the public mailing list cygwin@cygwin.com
      1 [main] sh 3372 find_fast_cwd: WARNING: Couldn't compute FAST_CWD pointer.  Please report this problem to
the public mailing list cygwin@cygwin.com
[BSP build complete]
      1 [main] true 13944 find_fast_cwd: WARNING: Couldn't compute FAST_CWD pointer.  Please report this problem to
the public mailing list cygwin@cygwin.com
      1 [main] echo 13444 find_fast_cwd: WARNING: Couldn't compute FAST_CWD pointer.  Please report this problem to
the public mailing list cygwin@cygwin.com
Info: Linking hello_led.elf
nios2-elf-g++  -T'../hello_led_bsp//linker.x' -msys-crt0='../hello_led_bsp//obj/HAL/src/crt0.o' -msys-lib=hal_bsp -L../hello_led_bsp/  -Wl,--defsym,exit=_exit -msmallc  -Wl,-Map=hello_led.map   -Os -g -Wall   -EL -mno-hw-div -mhw-mul -mno-hw-mulx  -o hello_led.elf obj/default/hello_world_small.o -lm 
obj/default/hello_world_small.o: In function `main':
C:\A2\DE2_NET\software\hello_led/hello_world_small.c:38: undefined reference to `scanf'
C:\A2\DE2_NET\software\hello_led/hello_world_small.c:40: undefined reference to `scanf'
collect2: ld returned 1 exit status
make: *** [hello_led.elf] Error 1

**** Build Finished ****
